<?xml version="1.0" encoding="UTF-8"?>
<!-- Generated by org.testng.reporters.JUnitXMLReporter -->
<testsuite hostname="LAPTOP-3Q9FF48L" ignored="2" name="Salesforce application Test Cases" tests="6" failures="0" timestamp="17 Jun 2020 02:37:34 GMT" time="113.678" errors="0">
  <testcase name="verifyNewContacts" time="2.629" classname="com.Salesforce.qa.ContactsPageTest.ContactsPageTest"/>
  <testcase name="verifyNewContacts" time="3.741" classname="com.Salesforce.qa.ContactsPageTest.ContactsPageTest"/>
  <testcase name="verifyNewContacts" time="3.851" classname="com.Salesforce.qa.ContactsPageTest.ContactsPageTest"/>
  <testcase name="verifyNewContacts" time="4.459" classname="com.Salesforce.qa.ContactsPageTest.ContactsPageTest"/>
  <testcase name="salesforceLogoTest" time="1.287" classname="com.Salesforce.qa.LoginTest.LoginPageTest"/>
  <testcase name="verifyLogoIsDisplayedTest" time="3.306" classname="com.Salesforce.qa.HomePageTest.HomePageTest"/>
  <testcase name="@AfterSuite tearDown" time="0.0" classname="com.Salesforce.qa.testbase.TestBase">
    <ignored/>
  </testcase> <!-- @AfterSuite tearDown -->
  <testcase name="@AfterSuite tearDown" time="0.0" classname="com.Salesforce.qa.testbase.TestBase">
    <ignored/>
  </testcase> <!-- @AfterSuite tearDown -->
</testsuite> <!-- Salesforce application Test Cases -->
